  Funkcje.cpp
C:\Users\pk\Downloads\Jpro-main\Jpro-main\RPG_gra\Funkcje.cpp(9,33): warning C4244: "=": konwersja z "int" do "float", możliwa utrata danych
C:\Users\pk\Downloads\Jpro-main\Jpro-main\RPG_gra\Funkcje.cpp(10,34): warning C4244: "=": konwersja z "int" do "float", możliwa utrata danych
C:\Users\pk\Downloads\Jpro-main\Jpro-main\RPG_gra\Funkcje.cpp(14,34): warning C4244: "=": konwersja z "int" do "float", możliwa utrata danych
C:\Users\pk\Downloads\Jpro-main\Jpro-main\RPG_gra\Funkcje.cpp(15,34): warning C4244: "=": konwersja z "int" do "float", możliwa utrata danych
C:\Users\pk\Downloads\Jpro-main\Jpro-main\RPG_gra\Funkcje.cpp(20,34): warning C4244: "=": konwersja z "int" do "float", możliwa utrata danych
C:\Users\pk\Downloads\Jpro-main\Jpro-main\RPG_gra\Funkcje.cpp(21,34): warning C4244: "=": konwersja z "int" do "float", możliwa utrata danych
C:\Users\pk\Downloads\Jpro-main\Jpro-main\RPG_gra\Funkcje.cpp(22,34): warning C4244: "=": konwersja z "int" do "float", możliwa utrata danych
C:\Users\pk\Downloads\Jpro-main\Jpro-main\RPG_gra\Funkcje.cpp(26,34): warning C4244: "=": konwersja z "int" do "float", możliwa utrata danych
C:\Users\pk\Downloads\Jpro-main\Jpro-main\RPG_gra\Funkcje.cpp(27,34): warning C4244: "=": konwersja z "int" do "float", możliwa utrata danych
C:\Users\pk\Downloads\Jpro-main\Jpro-main\RPG_gra\Funkcje.cpp(32,34): warning C4244: "=": konwersja z "int" do "float", możliwa utrata danych
C:\Users\pk\Downloads\Jpro-main\Jpro-main\RPG_gra\Funkcje.cpp(33,34): warning C4244: "=": konwersja z "int" do "float", możliwa utrata danych
C:\Users\pk\Downloads\Jpro-main\Jpro-main\RPG_gra\Funkcje.cpp(63,32): warning C4244: "=": konwersja z "double" do "int", możliwa utrata danych
  RPG_gra.cpp
C:\Users\pk\Downloads\Jpro-main\Jpro-main\RPG_gra\RPG_gra.cpp(13,12): warning C4244: "argument": konwersja z "time_t" do "unsigned int", możliwa utrata danych
C:\Users\pk\Downloads\Jpro-main\Jpro-main\RPG_gra\RPG_gra.cpp(37,17): warning C4805: "==": niebezpieczne połączenie typu "int" oraz typu "bool" w operacji
C:\Users\pk\Downloads\Jpro-main\Jpro-main\RPG_gra\RPG_gra.cpp(35,7): warning C4101: "button": lokalna zmienna, do której nie istnieje odwołanie
  Generowanie kodu...
C:\Users\pk\Downloads\Jpro-main\Jpro-main\RPG_gra\Funkcje.cpp(259): warning C4715: "inventory_space”: niewszystkie ścieżki kodu zwracają wartość
  RPG_gra.vcxproj -> C:\Users\pk\Downloads\Jpro-main\Jpro-main\RPG_gra\x64\Debug\RPG_gra.exe
